1639736649860	geckodriver	INFO	Listening on 127.0.0.1:50753
1639736654054	mozrunner::runner	INFO	Running command: "C:\\Program Files\\Mozilla Firefox\\firefox.exe" "--marionette" "--remote-debugging-port" "50754" "-no-remote" "-profile" "C:\\Users\\LOGICS~1\\AppData\\Local\\Temp\\rust_mozprofilejlNBB6"
1639736656593	Marionette	INFO	Marionette enabled
console.warn: SearchSettings: "get: No settings file exists, new profile?" (new NotFoundError("Could not open the file at C:\\Users\\LogicSoftIT\\AppData\\Local\\Temp\\rust_mozprofilejlNBB6\\search.json.mozlz4", (void 0)))
DevTools listening on ws://localhost:50754/devtools/browser/d3bf84ca-8bcd-4673-b705-352700c7d1fb
1639736665770	Marionette	INFO	Listening on port 50766
console.error: Region.jsm: "Error fetching region" (new Error("TIMEOUT", "resource://gre/modules/Region.jsm", 772))
console.error: Region.jsm: "Failed to fetch region" (new Error("TIMEOUT", "resource://gre/modules/Region.jsm", 419))
1639736666925	RemoteAgent	WARN	TLS certificate errors will be ignored for this session
JavaScript warning: https://parichay.nic.in/pnv1/assets/js/index.js, line 2985: unreachable code after return statement
JavaScript error: https://parichay.nic.in/pnv1/assets/js/index.js, line 40: TypeError: langJSON is undefined
1639736700912	Marionette	INFO	Stopped listening on port 50766
console.warn: TopSitesFeed: Failed to fetch data from Contile server: NetworkError when attempting to fetch resource.
1639736708357	geckodriver	INFO	Listening on 127.0.0.1:50853
1639736712217	mozrunner::runner	INFO	Running command: "C:\\Program Files\\Mozilla Firefox\\firefox.exe" "--marionette" "--remote-debugging-port" "50854" "-no-remote" "-profile" "C:\\Users\\LOGICS~1\\AppData\\Local\\Temp\\rust_mozprofilemCtXOC"
1639736713251	Marionette	INFO	Marionette enabled
console.warn: SearchSettings: "get: No settings file exists, new profile?" (new NotFoundError("Could not open the file at C:\\Users\\LogicSoftIT\\AppData\\Local\\Temp\\rust_mozprofilemCtXOC\\search.json.mozlz4", (void 0)))
DevTools listening on ws://localhost:50854/devtools/browser/3efce96d-c647-42cd-88b9-2af3d22ceebc
1639736719784	Marionette	INFO	Listening on port 50867
1639736720656	RemoteAgent	WARN	TLS certificate errors will be ignored for this session
JavaScript warning: https://parichay.nic.in/pnv1/assets/js/index.js, line 2985: unreachable code after return statement
1639736772739	Marionette	INFO	Stopped listening on port 50867
console.warn: TopSitesFeed: Failed to fetch data from Contile server: NetworkError when attempting to fetch resource.
[Parent 17744, IPC I/O Parent] WARNING: file /builds/worker/checkouts/gecko/ipc/chromium/src/base/process_util_win.cc:167
*** UTM:SVC TimerManager:registerTimer called after profile-before-change notification. Ignoring timer registration for id: telemetry_modules_ping
*** UTM:SVC TimerManager:registerTimer called after profile-before-change notification. Ignoring timer registration for id: telemetry_untrustedmodules_ping
1639736798526	geckodriver	INFO	Listening on 127.0.0.1:51033
1639736801722	mozrunner::runner	INFO	Running command: "C:\\Program Files\\Mozilla Firefox\\firefox.exe" "--marionette" "--remote-debugging-port" "51034" "-no-remote" "-profile" "C:\\Users\\LOGICS~1\\AppData\\Local\\Temp\\rust_mozprofilel2gmG9"
1639736802402	Marionette	INFO	Marionette enabled
console.warn: SearchSettings: "get: No settings file exists, new profile?" (new NotFoundError("Could not open the file at C:\\Users\\LogicSoftIT\\AppData\\Local\\Temp\\rust_mozprofilel2gmG9\\search.json.mozlz4", (void 0)))
DevTools listening on ws://localhost:51034/devtools/browser/8ab55c55-341d-416a-bed2-fc123079259b
1639736809350	Marionette	INFO	Listening on port 51039
1639736810346	RemoteAgent	WARN	TLS certificate errors will be ignored for this session
console.error: Region.jsm: "Error fetching region" (new Error("TIMEOUT", "resource://gre/modules/Region.jsm", 772))
console.error: Region.jsm: "Failed to fetch region" (new Error("TIMEOUT", "resource://gre/modules/Region.jsm", 419))
JavaScript warning: https://parichay.nic.in/pnv1/assets/js/index.js, line 2985: unreachable code after return statement
JavaScript error: https://parichay.nic.in/pnv1/assets/js/index.js, line 40: TypeError: langJSON is undefined
JavaScript warning: https://parichay.nic.in/pnv1/assets/js/index.js, line 2985: unreachable code after return statement
JavaScript error: https://parichay.nic.in/pnv1/assets/js/index.js, line 40: TypeError: langJSON is undefined
console.warn: LoginRecipes: "getRecipes: falling back to a synchronous message for:" "https://parichay.nic.in"
1639736838147	Marionette	INFO	Stopped listening on port 51039
console.warn: TopSitesFeed: Failed to fetch data from Contile server: NetworkError when attempting to fetch resource.

###!!! [Parent][RunMessage] Error: Channel closing: too late to send/recv, messages will be lost

